"../../../Engine/Content/ArtTools/RenderToTexture/Enums/RenderToTexture_Enum.uasset" 0
"../../../Engine/Content/ArtTools/RenderToTexture/Enums/RenderToTexture_Flipbook_Enum.uasset" 1
"../../../Engine/Content/ArtTools/RenderToTexture/Enums/RenderToTexture_Imposter_Enum.uasset" 2
"../../../Engine/Content/EditorBlueprintResources/StandardMacros.uasset" 3
"../../../Engine/Content/ArtTools/RenderToTexture/Enums/EIntTypes.uasset" 4
"../../../Engine/Content/ArtTools/RenderToTexture/Macros/RenderToTextureFunctionLibrary.uasset" 5
"../../../Engine/Content/ArtTools/RenderToTexture/Enums/EFloatTypes.uasset" 6
"../../../Engine/Content/ArtTools/RenderToTexture/Macros/RenderToTextureMacros.uasset" 7
"../../../Engine/Content/Functions/Engine_MaterialFunctions01/Opacity/CameraDepthFade.uasset" 8
"../../../Engine/Content/EngineMaterials/T_Default_Material_Grid_M.uasset" 9
"../../../Engine/Content/EngineMaterials/T_Default_Material_Grid_N.uasset" 10
"../../../Engine/Content/EngineMaterials/WorldGridMaterial.uasset" 11
"../../../Engine/Content/ArtTools/RenderToTexture/Meshes/S_1_Unit_Plane.uasset" 12
"../../../Engine/Content/EngineMaterials/DefaultMaterial.uasset" 13
"../../../Engine/Content/BasicShapes/Cone.uasset" 14
"../../../Engine/Content/BasicShapes/Sphere.uasset" 15
"../../../Engine/Content/EngineMaterials/DefaultPhysicalMaterial.uasset" 16
"../../../Engine/Content/BufferVisualization/AmbientOcclusion.uasset" 17
"../../../Engine/Content/BufferVisualization/BaseColor.uasset" 18
"../../../Engine/Content/BufferVisualization/CustomDepth.uasset" 19
"../../../Engine/Content/Functions/Engine_MaterialFunctions02/Utility/VectorLength.uasset" 20
"../../../Engine/Content/BufferVisualization/CustomDepthWorldUnits.uasset" 21
"../../../Engine/Content/Functions/Engine_MaterialFunctions02/Utility/BreakOutFloat2Components.uasset" 22
"../../../Engine/Content/Functions/Engine_MaterialFunctions01/Texturing/ScaleUVsByCenter.uasset" 23
"../../../Engine/Content/Functions/Engine_MaterialFunctions02/ScreenResolution.uasset" 24
"../../../Engine/Content/Functions/Engine_MaterialFunctions02/Texturing/ScreenAlignedUVs.uasset" 25
"../../../Engine/Content/Functions/Engine_MaterialFunctions02/Utility/MakeFloat2.uasset" 26
"../../../Engine/Content/Functions/Engine_MaterialFunctions02/Utility/MakeFloat3.uasset" 27
"../../../Engine/Content/EngineMaterials/MiniFont.uasset" 28
"../../../Engine/Content/BufferVisualization/CustomStencil.uasset" 29
"../../../Engine/Content/BufferVisualization/FinalImage.uasset" 30
"../../../Engine/Content/BufferVisualization/LightingModel.uasset" 31
"../../../Engine/Content/BufferVisualization/MaterialAO.uasset" 32
"../../../Engine/Content/BufferVisualization/Metallic.uasset" 33
"../../../Engine/Content/BufferVisualization/Opacity.uasset" 34
"../../../Engine/Content/BufferVisualization/PostTonemapHDRColor.uasset" 35
"../../../Engine/Content/BufferVisualization/PreTonemapHDRColor.uasset" 36
"../../../Engine/Content/BufferVisualization/Roughness.uasset" 37
"../../../Engine/Content/BufferVisualization/SceneColor.uasset" 38
"../../../Engine/Content/BufferVisualization/SceneDepth.uasset" 39
"../../../Engine/Content/BufferVisualization/SceneDepthWorldUnits.uasset" 40
"../../../Engine/Content/BufferVisualization/SeparateTranslucencyA.uasset" 41
"../../../Engine/Content/BufferVisualization/SeparateTranslucencyRGB.uasset" 42
"../../../Engine/Content/BufferVisualization/Specular.uasset" 43
"../../../Engine/Content/BufferVisualization/SubsurfaceColor.uasset" 44
"../../../Engine/Content/BufferVisualization/WorldNormal.uasset" 45
"../../../Engine/Content/EditorBlueprintResources/ActorMacros.uasset" 46
"../../../Engine/Content/EditorLandscapeResources/DataLayer.uasset" 47
"../../../Engine/Content/EditorLandscapeResources/DefaultAlphaTexture.uasset" 48
"../../../Engine/Content/EditorLandscapeResources/LandscapeGizmoHeight_Mat.uasset" 49
"../../../Engine/Content/EditorLandscapeResources/LandscapeGizmo_Mat.uasset" 50
"../../../Engine/Content/EditorLandscapeResources/LandscapeGizmo_Mat_Copied.uasset" 51
"../../../Engine/Content/EditorLandscapeResources/SplineEditorMeshMat.uasset" 52
"../../../Engine/Content/EditorLandscapeResources/SplineEditorMesh.uasset" 53
"../../../Engine/Content/EditorMaterials/Cross.uasset" 54
"../../../Engine/Content/EditorMaterials/Cross_Mat.uasset" 55
"../../../Engine/Content/EditorMaterials/GizmoMaterial.uasset" 56
"../../../Engine/Content/Functions/Engine_MaterialFunctions02/Utility/Sign.uasset" 57
"../../../Engine/Content/Functions/Engine_MaterialFunctions02/Utility/Round.uasset" 58
"../../../Engine/Content/Functions/Engine_MaterialFunctions02/ExampleContent/Textures/flipbook.uasset" 59
"../../../Engine/Content/Functions/Engine_MaterialFunctions02/Texturing/FlipBook.uasset" 60
"../../../Engine/Content/EditorResources/T_EditorHelp.uasset" 61
"../../../Engine/Content/EditorMaterials/HelpActorMaterial.uasset" 62
"../../../Engine/Content/EditorMaterials/CompositeARGBLayer.uasset" 63
"../../../Engine/Content/EditorMaterials/TilingAALineIntegral.uasset" 64
"../../../Engine/Content/EditorMaterials/TilingAALineBoxFiltered.uasset" 65
"../../../Engine/Content/Functions/Engine_MaterialFunctions03/Procedurals/ComputeFilterWidth.uasset" 66
"../../../Engine/Content/EditorMaterials/TilingAADots.uasset" 67
"../../../Engine/Content/EngineMaterials/BlendFunc_DefBase.uasset" 68
"../../../Engine/Content/EngineMaterials/BlendFunc_DefBlend.uasset" 69
"../../../Engine/Content/Functions/Engine_MaterialFunctions03/Blends/Blend_Screen.uasset" 70
"../../../Engine/Content/EditorMaterials/TilingAAGrid.uasset" 71
"../../../Engine/Content/EditorMaterials/LevelGridMaterial.uasset" 72
"../../../Engine/Content/EditorMaterials/MakeCompositeARGBLayer.uasset" 73
"../../../Engine/Content/EditorResources/LevelGrid1DStripes.uasset" 74
"../../../Engine/Content/EditorMaterials/TextureGridCascaded1D.uasset" 75
"../../../Engine/Content/EditorMaterials/TextureGridCascaded2D.uasset" 76
"../../../Engine/Content/EditorMaterials/LevelGridMaterial2.uasset" 77
"../../../Engine/Content/EditorMaterials/MAT_Groups_Toggle.uasset" 78
"../../../Engine/Content/EditorMaterials/MAT_Groups_Visibility.uasset" 79
"../../../Engine/Content/EditorMaterials/AntialiasedGridFloor.uasset" 80
"../../../Engine/Content/EditorResources/TilePatine_D.uasset" 81
"../../../Engine/Content/EditorResources/TilePatine_N.uasset" 82
"../../../Engine/Content/EngineMaterials/Grid.uasset" 83
"../../../Engine/Content/EditorMaterials/PersonaFloorMat.uasset" 84
"../../../Engine/Content/EditorMaterials/PhAT_BoneSelectedMaterial.uasset" 85
"../../../Engine/Content/EditorMaterials/PhAT_ElemSelectedMaterial.uasset" 86
"../../../Engine/Content/EditorMaterials/PhAT_NoCollisionMaterial.uasset" 87
"../../../Engine/Content/EditorMaterials/PhAT_UnselectedMaterial.uasset" 88
"../../../Engine/Content/EditorMaterials/PreviewShadowIndicator.uasset" 89
"../../../Engine/Content/EditorMaterials/PreviewShadowIndicatorMaterial.uasset" 90
"../../../Engine/Content/EditorMaterials/TargetIcon.uasset" 91
"../../../Engine/Content/EditorMaterials/Tick.uasset" 92
"../../../Engine/Content/EditorMaterials/Tick_Mat.uasset" 93
"../../../Engine/Content/EditorMaterials/WidgetGridVertexColorMaterial.uasset" 94
"../../../Engine/Content/EditorMaterials/WidgetGridVertexColorMaterial_Ma.uasset" 95
"../../../Engine/Content/EditorMaterials/WidgetMaterial.uasset" 96
"../../../Engine/Content/EditorMaterials/WidgetMaterial_Current.uasset" 97
"../../../Engine/Content/EditorMaterials/WidgetMaterial_X.uasset" 98
"../../../Engine/Content/EditorMaterials/WidgetMaterial_Y.uasset" 99
"../../../Engine/Content/EditorMaterials/WidgetMaterial_Z.uasset" 100
"../../../Engine/Content/EditorMaterials/WidgetVertexColorMaterial.uasset" 101
"../../../Engine/Content/EditorMaterials/Cascade/CASC_Solo_On.uasset" 102
"../../../Engine/Content/EditorMaterials/MatineeGroups/MAT_ColorTrack.uasset" 103
"../../../Engine/Content/EditorMaterials/MatineeGroups/MAT_Groups_Anim.uasset" 104
"../../../Engine/Content/EditorMaterials/MatineeGroups/MAT_Groups_AudioMaster.uasset" 105
"../../../Engine/Content/EditorMaterials/MatineeGroups/MAT_Groups_Director.uasset" 106
"../../../Engine/Content/EditorMaterials/MatineeGroups/MAT_Groups_Event.uasset" 107
"../../../Engine/Content/EditorMaterials/MatineeGroups/MAT_Groups_Fade.uasset" 108
"../../../Engine/Content/EditorMaterials/MatineeGroups/MAT_Groups_Float.uasset" 109
"../../../Engine/Content/EditorMaterials/MatineeGroups/MAT_Groups_Move.uasset" 110
"../../../Engine/Content/EditorMaterials/MatineeGroups/MAT_Groups_Slomo.uasset" 111
"../../../Engine/Content/EditorMaterials/MatineeGroups/MAT_Groups_Sound.uasset" 112
"../../../Engine/Content/EditorMaterials/MatineeGroups/MAT_Groups_Vector.uasset" 113
"../../../Engine/Content/EditorMaterials/ParticleSystems/PSysThumbnail_NoImage.uasset" 114
"../../../Engine/Content/EditorMaterials/ParticleSystems/PSysThumbnail_OOD.uasset" 115
"../../../Engine/Content/EditorMaterials/Thumbnails/FloorPlaneMaterial.uasset" 116
"../../../Engine/Content/EditorMeshes/EditorCube.uasset" 117
"../../../Engine/Content/EditorMeshes/EditorCylinder.uasset" 118
"../../../Engine/Content/EditorMeshes/EditorPlane.uasset" 119
"../../../Engine/Content/EditorMaterials/Thumbnails/SkySphereMaterial.uasset" 120
"../../../Engine/Content/EditorMeshes/EditorSkySphere.uasset" 121
"../../../Engine/Content/EditorMeshes/EditorSphere.uasset" 122
"../../../Engine/Content/EditorResources/MatineeCam_D.uasset" 123
"../../../Engine/Content/EditorMaterials/MatineeCam_mat.uasset" 124
"../../../Engine/Content/EditorMeshes/MatineeCam_SM.uasset" 125
"../../../Engine/Content/Functions/Engine_MaterialFunctions01/Shading/ConvertFromDiffSpec.uasset" 126
"../../../Engine/Content/EditorMaterials/GridMaterial.uasset" 127
"../../../Engine/Content/EditorMeshes/PhAT_FloorBox.uasset" 128
"../../../Engine/Content/EditorMaterials/Camera/CineMat.uasset" 129
"../../../Engine/Content/EditorMaterials/Camera/MI_CineMat_CameraBody.uasset" 130
"../../../Engine/Content/EngineDebugMaterials/M_SimpleOpaque.uasset" 131
"../../../Engine/Content/EditorMaterials/Camera/MI_CineMat_CamViewFinder.uasset" 132
"../../../Engine/Content/EditorMeshes/Camera/SM_CineCam.uasset" 133
"../../../Engine/Content/EditorMaterials/Camera/MI_CineMat_Rig.uasset" 134
"../../../Engine/Content/EditorMeshes/Camera/SM_CraneRig_Arm.uasset" 135
"../../../Engine/Content/EditorMeshes/Camera/SM_CraneRig_Base.uasset" 136
"../../../Engine/Content/EditorMeshes/Camera/SM_CraneRig_Body.uasset" 137
"../../../Engine/Content/EditorMeshes/Camera/SM_CraneRig_Mount.uasset" 138
"../../../Engine/Content/EditorMeshes/Camera/SM_RailRig_Mount.uasset" 139
"../../../Engine/Content/EditorMeshes/Camera/SM_RailRig_Track.uasset" 140
"../../../Engine/Content/EditorResources/Bad.uasset" 141
"../../../Engine/Content/EditorResources/BSPVertex.uasset" 142
"../../../Engine/Content/EditorResources/EmptyActor.uasset" 143
"../../../Engine/Content/EditorResources/MatInstActSprite.uasset" 144
"../../../Engine/Content/EditorResources/SceneManager.uasset" 145
"../../../Engine/Content/EditorResources/SmallFont.uasset" 146
"../../../Engine/Content/EditorResources/S_Actor.uasset" 147
"../../../Engine/Content/EditorResources/S_DecalActorIcon.uasset" 148
"../../../Engine/Content/EditorResources/S_Emitter.uasset" 149
"../../../Engine/Content/EditorResources/S_ExpoHeightFog.uasset" 150
"../../../Engine/Content/EditorResources/S_FTest.uasset" 151
"../../../Engine/Content/EditorResources/S_KBSJoint.uasset" 152
"../../../Engine/Content/EditorResources/S_KHinge.uasset" 153
"../../../Engine/Content/EditorResources/S_KPrismatic.uasset" 154
"../../../Engine/Content/EditorResources/S_LevelSequence.uasset" 155
"../../../Engine/Content/EditorResources/S_NavP.uasset" 156
"../../../Engine/Content/EditorResources/S_Note.uasset" 157
"../../../Engine/Content/EditorResources/S_Player.uasset" 158
"../../../Engine/Content/EditorResources/S_PortalActorIcon2.uasset" 159
"../../../Engine/Content/EditorResources/S_RadForce.uasset" 160
"../../../Engine/Content/EditorResources/S_ReflActorIcon.uasset" 161
"../../../Engine/Content/EditorResources/S_Terrain.uasset" 162
"../../../Engine/Content/EditorResources/S_TextRenderActorIcon.uasset" 163
"../../../Engine/Content/EditorResources/S_Thruster.uasset" 164
"../../../Engine/Content/EditorResources/S_Trigger.uasset" 165
"../../../Engine/Content/EditorResources/S_VectorFieldVol.uasset" 166
"../../../Engine/Content/EditorResources/S_WindDirectional.uasset" 167
"../../../Engine/Content/EditorResources/AI/S_NavLink.uasset" 168
"../../../Engine/Content/EditorResources/LightIcons/SkyLight.uasset" 169
"../../../Engine/Content/EditorResources/LightIcons/S_LightDirectional.uasset" 170
"../../../Engine/Content/EditorResources/LightIcons/S_LightDirectionalMove.uasset" 171
"../../../Engine/Content/EditorResources/LightIcons/S_LightError.uasset" 172
"../../../Engine/Content/EditorResources/LightIcons/S_LightPoint.uasset" 173
"../../../Engine/Content/EditorResources/LightIcons/S_LightPointMove.uasset" 174
"../../../Engine/Content/EditorResources/LightIcons/S_LightSpot.uasset" 175
"../../../Engine/Content/EditorResources/LightIcons/S_LightSpotMove.uasset" 176
"../../../Engine/Content/EditorResources/SequenceRecorder/Countdown.uasset" 177
"../../../Engine/Content/EditorResources/SequenceRecorder/RecordingIndicator.uasset" 178
"../../../Engine/Content/EditorResources/Spline/T_Loft_Spline.uasset" 179
"../../../Engine/Content/EditorSounds/GamePreview/PossessPlayer.uasset" 180
"../../../Engine/Content/EditorSounds/GamePreview/PossessPlayer_Cue.uasset" 181
"../../../Engine/Content/EditorSounds/Notifications/CompileFailed.uasset" 182
"../../../Engine/Content/EditorSounds/Notifications/CompileFailed_Cue.uasset" 183
"../../../Engine/Content/EditorSounds/Notifications/CompileSuccess.uasset" 184
"../../../Engine/Content/EditorSounds/Notifications/CompileStart_Cue.uasset" 185
"../../../Engine/Content/EditorSounds/Notifications/CompileSuccess_Cue.uasset" 186
"../../../Engine/Content/EngineDamageTypes/DmgTypeBP_Environmental.uasset" 187
"../../../Engine/Content/EngineDebugMaterials/HeatmapGradient.uasset" 188
"../../../Engine/Content/EngineDebugMaterials/BoneWeightMaterial.uasset" 189
"../../../Engine/Content/EngineDebugMaterials/ClothMaterial.uasset" 190
"../../../Engine/Content/EngineDebugMaterials/ClothMaterial_WF.uasset" 191
"../../../Engine/Content/EngineDebugMaterials/DebugEditorMaterial.uasset" 192
"../../../Engine/Content/EngineDebugMaterials/DebugMeshMaterial.uasset" 193
"../../../Engine/Content/EngineDebugMaterials/GeomMaterial.uasset" 194
"../../../Engine/Content/EngineDebugMaterials/LevelColorationLitMaterial.uasset" 195
"../../../Engine/Content/EngineDebugMaterials/LevelColorationUnlitMaterial.uasset" 196
"../../../Engine/Content/EngineMaterials/DefaultWhiteGrid.uasset" 197
"../../../Engine/Content/EngineDebugMaterials/MAT_LevelColorationLitLightmapUV.uasset" 198
"../../../Engine/Content/EngineDebugMaterials/M_SimpleTranslucent.uasset" 199
"../../../Engine/Content/EngineDebugMaterials/ShadedLevelColorationLitMaterial.uasset" 200
"../../../Engine/Content/EngineDebugMaterials/ShadedLevelColorationUnlitMateri.uasset" 201
"../../../Engine/Content/EngineDebugMaterials/VertexColorMaterial.uasset" 202
"../../../Engine/Content/EngineDebugMaterials/VertexColorViewMode_AlphaAsColor.uasset" 203
"../../../Engine/Content/EngineDebugMaterials/VertexColorViewMode_BlueOnly.uasset" 204
"../../../Engine/Content/EngineDebugMaterials/VertexColorViewMode_ColorOnly.uasset" 205
"../../../Engine/Content/EngineDebugMaterials/VertexColorViewMode_GreenOnly.uasset" 206
"../../../Engine/Content/EngineDebugMaterials/VertexColorViewMode_RedOnly.uasset" 207
"../../../Engine/Content/EngineDebugMaterials/WireframeMaterial.uasset" 208
"../../../Engine/Content/EngineFonts/Faces/RobotoBold.uasset" 209
"../../../Engine/Content/EngineFonts/Faces/RobotoBoldItalic.uasset" 210
"../../../Engine/Content/EngineFonts/Faces/RobotoItalic.uasset" 211
"../../../Engine/Content/EngineFonts/Faces/RobotoLight.uasset" 212
"../../../Engine/Content/EngineFonts/Faces/RobotoRegular.uasset" 213
"../../../Engine/Content/EngineFonts/Roboto.uasset" 214
"../../../Engine/Content/EngineFonts/Faces/RobotoTiny.uasset" 215
"../../../Engine/Content/EngineFonts/RobotoTiny.uasset" 216
"../../../Engine/Content/EngineFonts/SmallFont.uasset" 217
"../../../Engine/Content/EngineFonts/TinyFont.uasset" 218
"../../../Engine/Content/EngineMaterials/BaseFlattenDiffuseMap.uasset" 219
"../../../Engine/Content/EngineMaterials/BaseFlattenEmissiveMap.uasset" 220
"../../../Engine/Content/EngineMaterials/BaseFlattenGrayscaleMap.uasset" 221
"../../../Engine/Content/EngineMaterials/BaseFlattenNormalMap.uasset" 222
"../../../Engine/Content/EngineMaterials/BaseFlattenMaterial.uasset" 223
"../../../Engine/Content/EngineResources/WhiteSquareTexture.uasset" 224
"../../../Engine/Content/EngineMaterials/BlinkingCaret.uasset" 225
"../../../Engine/Content/EngineMaterials/DefaultBloomKernel.uasset" 226
"../../../Engine/Content/EngineMaterials/DefaultBokeh.uasset" 227
"../../../Engine/Content/EngineMaterials/DefaultDiffuse.uasset" 228
"../../../Engine/Content/EngineMaterials/DefaultDeferredDecalMaterial.uasset" 229
"../../../Engine/Content/EngineMaterials/DefaultLightFunctionMaterial.uasset" 230
"../../../Engine/Content/EngineMaterials/DefaultNormal.uasset" 231
"../../../Engine/Content/EngineMaterials/DefaultPostProcessMaterial.uasset" 232
"../../../Engine/Content/EngineFonts/RobotoDistanceField.uasset" 233
"../../../Engine/Content/EngineMaterials/DefaultTextMaterialOpaque.uasset" 234
"../../../Engine/Content/EngineMaterials/EditorBrushMaterial.uasset" 235
"../../../Engine/Content/EngineMaterials/Grid_N.uasset" 236
"../../../Engine/Content/EngineMaterials/HighResolutionScreenshotMaskFunction.uasset" 237
"../../../Engine/Content/EngineMaterials/HighResScreenshot.uasset" 238
"../../../Engine/Content/EngineMaterials/HighResScreenshotCaptureRegion.uasset" 239
"../../../Engine/Content/EngineMaterials/HighResScreenshotMask.uasset" 240
"../../../Engine/Content/EngineMaterials/LandscapeHolePhysicalMaterial.uasset" 241
"../../../Engine/Content/EngineMaterials/InvalidLightmapSettings.uasset" 242
"../../../Engine/Content/EngineMaterials/M_InvalidLightmapSettings.uasset" 243
"../../../Engine/Content/EngineMaterials/PaperDiffuse.uasset" 244
"../../../Engine/Content/EngineMaterials/PaperNormal.uasset" 245
"../../../Engine/Content/Functions/Engine_MaterialFunctions02/WorldPositionOffset/CameraOffset.uasset" 246
"../../../Engine/Content/EngineMaterials/PhAT_JointLimitMaterial.uasset" 247
"../../../Engine/Content/EngineMaterials/PhysMat_Rubber.uasset" 248
"../../../Engine/Content/EngineMaterials/PreintegratedSkinBRDF.uasset" 249
"../../../Engine/Content/EngineMaterials/RemoveSurfaceMaterial.uasset" 250
"../../../Engine/Content/EngineMaterials/WeightMapPlaceholderTexture.uasset" 251
"../../../Engine/Content/EngineMaterials/Widget3DPassThrough.uasset" 252
"../../../Engine/Content/EngineMaterials/Widget3DPassThrough_Masked.uasset" 253
"../../../Engine/Content/EngineMaterials/Widget3DPassThrough_Opaque.uasset" 254
"../../../Engine/Content/EngineMaterials/Widget3DPassThrough_Masked_OneSided.uasset" 255
"../../../Engine/Content/EngineMaterials/Widget3DPassThrough_Opaque_OneSided.uasset" 256
"../../../Engine/Content/EngineMaterials/Widget3DPassThrough_Translucent.uasset" 257
"../../../Engine/Content/EngineMaterials/Widget3DPassThrough_Translucent_OneSided.uasset" 258
"../../../Engine/Content/EngineMeshes/Cylinder.uasset" 259
"../../../Engine/Content/EngineMeshes/Sphere.uasset" 260
"../../../Engine/Content/EngineResources/DefaultTexture.uasset" 261
"../../../Engine/Content/EngineResources/DefaultTextureCube.uasset" 262
"../../../Engine/Content/EngineResources/DefaultVolumeTexture2D.uasset" 263
"../../../Engine/Content/EngineResources/DefaultVolumeTexture.uasset" 264
"../../../Engine/Content/EngineResources/GradientTexture0.uasset" 265
"../../../Engine/Content/EngineResources/StreamingPauseIcon.uasset" 266
"../../../Engine/Content/EngineResources/M_StreamingPause.uasset" 267
"../../../Engine/Content/EngineSounds/Master.uasset" 268
"../../../Engine/Content/Functions/Engine_MaterialFunctions01/ImageAdjustment/DeriveHDRfromLDR.uasset" 269
"../../../Engine/Content/Functions/Engine_MaterialFunctions01/ImageAdjustment/BlurSampleOffsets.uasset" 270
"../../../Engine/Content/Functions/Engine_MaterialFunctions01/ImageAdjustment/SceneTextureAverage.uasset" 271
"../../../Engine/Content/Functions/Engine_MaterialFunctions01/Shading/MetallicShading.uasset" 272
"../../../Engine/Content/Functions/Engine_MaterialFunctions01/Shading/PowerToRoughness.uasset" 273
"../../../Engine/Content/Functions/Engine_MaterialFunctions01/Texturing/FlattenNormal.uasset" 274
"../../../Engine/Content/Functions/Engine_MaterialFunctions01/Gradient/LinearGradient.uasset" 275
"../../../Engine/Content/Functions/Engine_MaterialFunctions01/ImageAdjustment/CheapContrast.uasset" 276
"../../../Engine/Content/Functions/Engine_MaterialFunctions01/Texturing/WorldAlignedTexture.uasset" 277
"../../../Engine/Content/Functions/Engine_MaterialFunctions02/HueShift.uasset" 278
"../../../Engine/Content/Functions/Engine_MaterialFunctions02/TangentBasis.uasset" 279
"../../../Engine/Content/Functions/Engine_MaterialFunctions02/Math/MultiplyAdd.uasset" 280
"../../../Engine/Content/Functions/Engine_MaterialFunctions02/Utility/CameraVectorWithWPOOptions.uasset" 281
"../../../Engine/Content/Functions/Engine_MaterialFunctions03/Blends/Lerp_ScratchGrime.uasset" 282
"../../../Engine/Content/Functions/MaterialLayerFunctions/MatLayerBlend_BreakBaseColor.uasset" 283
"../../../Engine/Content/Functions/MaterialLayerFunctions/MatLayerBlend_Emissive.uasset" 284
"../../../Engine/Content/Functions/MaterialLayerFunctions/MatLayerBlend_OverrideBaseColor.uasset" 285
"../../../Engine/Content/Functions/Engine_MaterialFunctions02/Utility/BlendAngleCorrectedNormals.uasset" 286
"../../../Engine/Content/Functions/MaterialLayerFunctions/MatLayerBlend_BakedNormal.uasset" 287
"../../../Engine/Content/Functions/MaterialLayerFunctions/MatLayerBlend_Standard.uasset" 288
"../../../Engine/Content/Functions/MaterialLayerFunctions/MatLayerBlend_TenLayerBlend.uasset" 289
"../../../Engine/Content/Functions/MaterialLayerFunctions/MatLayerBlend_Tint.uasset" 290
"../../../Engine/Content/Maps/Templates/Thumbnails/Default.uasset" 291
"../../../Engine/Content/Maps/Templates/Thumbnails/VR-Basic.uasset" 292
"../../../Engine/Content/MapTemplates/Sky/DaylightAmbientCubemap.uasset" 293
"../../../Engine/Content/MobileResources/T_MobileControls_texture.uasset" 294
"../../../Engine/Content/MobileResources/T_MobileMenu2.uasset" 295
"../../../Engine/Content/MobileResources/HUD/AnalogHat.uasset" 296
"../../../Engine/Content/MobileResources/HUD/VirtualJoystick_Background.uasset" 297
"../../../Engine/Content/MobileResources/HUD/VirtualJoystick_Thumb.uasset" 298
"../../../Engine/Content/MobileResources/HUD/DefaultVirtualJoysticks.uasset" 299
"../../../Engine/Content/MobileResources/HUD/LeftVirtualJoystickOnly.uasset" 300
"../../../Engine/Content/MobileResources/HUD/MobileHUDButton1_off.uasset" 301
"../../../Engine/Content/MobileResources/HUD/MobileHUDButton1_on.uasset" 302
"../../../Engine/Content/MobileResources/HUD/MobileHUDButton2_off.uasset" 303
"../../../Engine/Content/MobileResources/HUD/MobileHUDButton2_on.uasset" 304
"../../../Engine/Content/MobileResources/HUD/MobileHUDButton3.uasset" 305
"../../../Engine/Content/MobileResources/HUD/MobileHUDButtonFire.uasset" 306
"../../../Engine/Content/MobileResources/HUD/MobileHUDDirectionPad.uasset" 307
"../../../Engine/Content/MobileResources/HUD/MobileHUDDirectionPad2.uasset" 308
"../../../Engine/Content/MobileResources/HUD/MobileHUDDirectionPad3.uasset" 309
"../../../Engine/Content/MobileResources/HUD/MobileHUDDirectionStick.uasset" 310
"../../../Engine/Content/MobileResources/HUD/T_Castle_ThumbstickInner.uasset" 311
"../../../Engine/Content/MobileResources/HUD/T_Castle_ThumbstickOutter.uasset" 312
"../../../Engine/Content/Tutorial/ContentIntroCurve.uasset" 313
"../../../Engine/Content/Tutorial/Basics/TutorialAssets/icon_tab_Levels_40x.uasset" 314
"../../../Engine/Content/Tutorial/BlueprintTutorials/TutorialAssets/Blueprint_64x.uasset" 315
"../../../Engine/Content/VREditor/LaserPointer/VR_LaserPower_01.uasset" 316
"../../../Engine/Content/VREditor/TransformGizmo/TransformGizmoMaterial.uasset" 317
"../../../Engine/Content/VREditor/TransformGizmo/TranslucentTransformGizmoMaterial.uasset" 318
"../../../Engine/Content/VREditor/TransformGizmo/BoundingBoxCorner.uasset" 319
"../../../Engine/Content/VREditor/TransformGizmo/BoundingBoxEdge.uasset" 320
"../../../Engine/Content/VREditor/TransformGizmo/PlaneTranslationHandle.uasset" 321
"../../../Engine/Content/VREditor/TransformGizmo/Main.uasset" 322
"../../../Engine/Content/VREditor/TransformGizmo/Xray.uasset" 323
"../../../Engine/Content/VREditor/TransformGizmo/SM_Sequencer_Key.uasset" 324
"../../../Engine/Content/VREditor/TransformGizmo/SM_Sequencer_Node.uasset" 325
"../../../Engine/Content/Functions/Engine_MaterialFunctions01/WorldPositionOffset/SimpleGrassWind.uasset" 326
"../../../../../../Users/Yukinoshita/Documents/Unreal Projects/PrototypeSurvivalCpp/Content/InfinityBladeGrassLands/Environments/Plains/Env_Plains_Flora/Textures/T_Plains_Fern01_D.uasset" 327
"../../../../../../Users/Yukinoshita/Documents/Unreal Projects/PrototypeSurvivalCpp/Content/InfinityBladeGrassLands/Environments/Plains/Env_Plains_Flora/Textures/T_Plains_Fern01_N.uasset" 328
"../../../../../../Users/Yukinoshita/Documents/Unreal Projects/PrototypeSurvivalCpp/Content/InfinityBladeGrassLands/Environments/Plains/Env_Plains_Flora/Materials/M_PLains_Fern01.uasset" 329
"../../../../../../Users/Yukinoshita/Documents/Unreal Projects/PrototypeSurvivalCpp/Content/ThirdPersonBP/ThirdPersonCharacter/ParagonGreystone/Characters/Global/T_Black_Linear.uasset" 330
"../../../../../../Users/Yukinoshita/Documents/Unreal Projects/PrototypeSurvivalCpp/Content/ThirdPersonBP/ThirdPersonCharacter/ParagonGreystone/Characters/Global/Hair/T_Caustics_2.uasset" 331
"../../Plugins/2D/Paper2D/Content/PlaceholderTextures/DummySpriteTexture.uasset" 332
"../../Plugins/2D/Paper2D/Content/DummySprite.uasset" 333
"../../Plugins/2D/Paper2D/Content/DefaultPaperTerrainMaterial.uasset" 334
"../../Plugins/2D/Paper2D/Content/DefaultSpriteMaterial.uasset" 335
"../../Plugins/2D/Paper2D/Content/MaskedUnlitSpriteMaterial.uasset" 336
"../../Plugins/2D/Paper2D/Content/OpaqueUnlitSpriteMaterial.uasset" 337
"../../Plugins/Enterprise/DatasmithContent/Content/Blueprints/FBXImporter/ArrayOfActor.uasset" 338
"../../Plugins/Enterprise/DatasmithContent/Content/Blueprints/FBXImporter/ArrayOfSwitch.uasset" 339
"../../Plugins/Enterprise/DatasmithContent/Content/Blueprints/FBXImporter/BP_SceneNode.uasset" 340
"../../Plugins/Enterprise/DatasmithContent/Content/Blueprints/FBXImporter/BP_Switch.uasset" 341
"../../Plugins/Enterprise/DatasmithContent/Content/Blueprints/FBXImporter/BP_SceneRoot.uasset" 342
"../../Plugins/Enterprise/DatasmithContent/Content/Blueprints/FBXImporter/FBXImporterUtils.uasset" 343
"../../Plugins/Enterprise/DatasmithContent/Content/Blueprints/FBXImporter/Animation/DeltaGenAnimationTrackType.uasset" 344
"../../Plugins/Enterprise/DatasmithContent/Content/Blueprints/FBXImporter/Animation/VREDAnimationTrackComponent.uasset" 345
"../../Plugins/Enterprise/DatasmithContent/Content/Blueprints/FBXImporter/Animation/VREDAnimationTrackType.uasset" 346
"../../Plugins/Enterprise/DatasmithContent/Content/Blueprints/FBXImporter/Variants/VariantSwitchType.uasset" 347
"../../Plugins/Enterprise/DatasmithContent/Content/Blueprints/FBXImporter/Variants/VREDVariantSwitchType.uasset" 348
"../../Plugins/Runtime/Oculus/OculusVR/Content/Materials/PokeAHoleMaterial.uasset" 349
"../../Plugins/Runtime/Oculus/OculusVR/Content/Textures/GearVRController_AO.uasset" 350
"../../Plugins/Runtime/Oculus/OculusVR/Content/Textures/GearVRController_Color.uasset" 351
"../../Plugins/Runtime/Oculus/OculusVR/Content/Textures/GearVRController_Normal.uasset" 352
"../../Plugins/Runtime/Oculus/OculusVR/Content/Materials/GearVRControllerMaterial.uasset" 353
"../../Plugins/Runtime/Oculus/OculusVR/Content/Meshes/GearVrController.uasset" 354
"../../Plugins/Runtime/Oculus/OculusVR/Content/Textures/touchController_albedo.uasset" 355
"../../Plugins/Runtime/Oculus/OculusVR/Content/Textures/touchController_controlmap.uasset" 356
"../../Plugins/Runtime/Oculus/OculusVR/Content/Materials/touchController_mat.uasset" 357
"../../Plugins/Runtime/Oculus/OculusVR/Content/Meshes/LeftTouchController.uasset" 358
"../../Plugins/Runtime/Oculus/OculusVR/Content/Meshes/RiftHMD.uasset" 359
"../../Plugins/Runtime/Oculus/OculusVR/Content/Meshes/RightTouchController.uasset" 360
"../../../Engine/Content/Functions/Engine_MaterialFunctions02/SafeNormalize.uasset" 361
"../../../Engine/Content/Functions/Engine_MaterialFunctions02/Math/CreateThirdOrthogonalVector.uasset" 362
"../../../Engine/Content/Functions/Engine_MaterialFunctions02/Utility/BreakOutFloat3Components.uasset" 363
"../../../Engine/Content/Functions/Engine_MaterialFunctions02/Math/Transform3x3Matrix.uasset" 364
"../../../Engine/Content/Functions/Engine_MaterialFunctions02/Texturing/HeightLerpWithTwoHeightMaps.uasset" 365
"../../../Engine/Content/Functions/Engine_MaterialFunctions02/Texturing/ScreenAlignedPixelToPixelUVs.uasset" 366
"../../../Engine/Content/Functions/Engine_MaterialFunctions02/ExampleContent/Textures/SphereRenderNormalsMap.uasset" 367
"../../../Engine/Content/Functions/Engine_MaterialFunctions02/WorldAlignedNormals_HighQuality.uasset" 368
"../../../Engine/Content/EngineMaterials/DefaultNormal_Uncompressed.uasset" 369
"../../../Engine/Content/Functions/Engine_MaterialFunctions02/Texturing/WorldAlignedTextures_Complex.uasset" 370
"../../../Engine/Content/EngineMaterials/Good64x64TilingNoiseHighFreq.uasset" 371
"../../../Engine/Content/Functions/Engine_MaterialFunctions02/Utility/DitherTemporalAA.uasset" 372
"../../../Engine/Content/Functions/Engine_MaterialFunctions02/WorldPositionOffset/ObjectScale.uasset" 373
"../../../../../../Users/Yukinoshita/Documents/Unreal Projects/PrototypeSurvivalCpp/Plugins/Voxel/Content/MaterialHelpers/VoxelLocalNormal.uasset" 374
"../../../../../../Users/Yukinoshita/Documents/Unreal Projects/PrototypeSurvivalCpp/Plugins/Voxel/Content/MaterialHelpers/VoxelLocalPosition.uasset" 375
"../../../../../../Users/Yukinoshita/Documents/Unreal Projects/PrototypeSurvivalCpp/Plugins/Voxel/Content/MaterialHelpers/VoxelOpacity.uasset" 376
"../../../../../../Users/Yukinoshita/Documents/Unreal Projects/PrototypeSurvivalCpp/Plugins/Voxel/Content/T_MissingMaterialDiffuse.uasset" 377
"../../../../../../Users/Yukinoshita/Documents/Unreal Projects/PrototypeSurvivalCpp/Plugins/Voxel/Content/T_MissingMaterialNormal.uasset" 378
"../../../../../../Users/Yukinoshita/Documents/Unreal Projects/PrototypeSurvivalCpp/Plugins/Voxel/Content/M_MissingMaterial.uasset" 379
"../../../../../../Users/Yukinoshita/Documents/Unreal Projects/PrototypeSurvivalCpp/Plugins/Voxel/Content/Markers/UI_target_4096.uasset" 380
"../../../../../../Users/Yukinoshita/Documents/Unreal Projects/PrototypeSurvivalCpp/Plugins/Voxel/Content/Markers/M_Target.uasset" 381
"../../../../../../Users/Yukinoshita/Documents/Unreal Projects/PrototypeSurvivalCpp/Plugins/Voxel/Content/Markers/M_VoxelMarker.uasset" 382
"../../../../../../Users/Yukinoshita/Documents/Unreal Projects/PrototypeSurvivalCpp/Plugins/Voxel/Content/Markers/Shape_Cube.uasset" 383
"../../../Engine/Content/Maps/Entry_BuiltData.uasset" 384
"../../../Engine/Content/Maps/Entry.umap" 385
"../../../Engine/Content/EngineSky/C_Sky_Cloud_Color.uasset" 386
"../../../Engine/Content/EngineSky/C_Sky_Horizon_Color.uasset" 387
"../../../Engine/Content/EngineSky/C_Sky_night_color.uasset" 388
"../../../Engine/Content/EngineSky/C_Sky_Zenith_Color.uasset" 389
"../../../Engine/Content/EngineSky/T_Sky_Blue.uasset" 390
"../../../Engine/Content/EngineSky/T_Sky_Clouds_M.uasset" 391
"../../../Engine/Content/EngineSky/T_Sky_Stars.uasset" 392
"../../../Engine/Content/EngineSky/M_Sky_Panning_Clouds2.uasset" 393
"../../../Engine/Content/EngineSky/SM_SkySphere.uasset" 394
"../../../Engine/Content/EngineSky/BP_Sky_Sphere.uasset" 395
"../../../../../../Users/Yukinoshita/Documents/Unreal Projects/PrototypeSurvivalCpp/Content/ThirdPersonBP/InventorySystem/InventoryUI/HUD.uasset" 396
"../../../../../../Users/Yukinoshita/Documents/Unreal Projects/PrototypeSurvivalCpp/Content/ThirdPersonBP/MyPlayerController.uasset" 397
"../../../../../../Users/Yukinoshita/Documents/Unreal Projects/PrototypeSurvivalCpp/Content/ThirdPersonBP/ThirdPersonCharacter/Greystone_AnimBlueprint.uasset" 398
"../../../../../../Users/Yukinoshita/Documents/Unreal Projects/PrototypeSurvivalCpp/Content/ThirdPersonBP/Blueprints/FirstPersonCamera.uasset" 399
"../../../../../../Users/Yukinoshita/Documents/Unreal Projects/PrototypeSurvivalCpp/Content/Mannequin/Character/Mesh/UE4_Mannequin_Skeleton.uasset" 400
"../../../../../../Users/Yukinoshita/Documents/Unreal Projects/PrototypeSurvivalCpp/Content/Mannequin/Animations/ThirdPerson_Jump.uasset" 401
"../../../../../../Users/Yukinoshita/Documents/Unreal Projects/PrototypeSurvivalCpp/Content/Mannequin/Animations/ThirdPersonJump_Loop.uasset" 402
"../../../../../../Users/Yukinoshita/Documents/Unreal Projects/PrototypeSurvivalCpp/Content/Mannequin/Animations/ThirdPersonJump_Start.uasset" 403
"../../../../../../Users/Yukinoshita/Documents/Unreal Projects/PrototypeSurvivalCpp/Content/Mannequin/Animations/ThirdPersonIdle.uasset" 404
"../../../../../../Users/Yukinoshita/Documents/Unreal Projects/PrototypeSurvivalCpp/Content/Mannequin/Animations/ThirdPersonRun.uasset" 405
"../../../../../../Users/Yukinoshita/Documents/Unreal Projects/PrototypeSurvivalCpp/Content/Mannequin/Animations/ThirdPersonWalk.uasset" 406
"../../../../../../Users/Yukinoshita/Documents/Unreal Projects/PrototypeSurvivalCpp/Content/Mannequin/Animations/ThirdPerson_IdleRun_2D.uasset" 407
"../../../../../../Users/Yukinoshita/Documents/Unreal Projects/PrototypeSurvivalCpp/Content/Mannequin/Animations/ThirdPerson_AnimBP.uasset" 408
"../../../Engine/Content/Functions/MaterialLayerFunctions/MatLayerBlend_NormalBlend.uasset" 409
"../../../Engine/Content/Functions/MaterialLayerFunctions/MatLayerBlend_Simple.uasset" 410
"../../../../../../Users/Yukinoshita/Documents/Unreal Projects/PrototypeSurvivalCpp/Content/Mannequin/Character/Materials/MaterialLayers/T_ML_Rubber_Blue_01_D.uasset" 411
"../../../../../../Users/Yukinoshita/Documents/Unreal Projects/PrototypeSurvivalCpp/Content/Mannequin/Character/Materials/MaterialLayers/T_ML_Rubber_Blue_01_N.uasset" 412
"../../../../../../Users/Yukinoshita/Documents/Unreal Projects/PrototypeSurvivalCpp/Content/Mannequin/Character/Materials/MaterialLayers/ML_GlossyBlack_Latex_UE4.uasset" 413
"../../../../../../Users/Yukinoshita/Documents/Unreal Projects/PrototypeSurvivalCpp/Content/Mannequin/Character/Materials/MaterialLayers/ML_Plastic_Shiny_Beige.uasset" 414
"../../../../../../Users/Yukinoshita/Documents/Unreal Projects/PrototypeSurvivalCpp/Content/Mannequin/Character/Textures/UE4_LOGO_CARD.uasset" 415
"../../../../../../Users/Yukinoshita/Documents/Unreal Projects/PrototypeSurvivalCpp/Content/Mannequin/Character/Materials/MaterialLayers/ML_Plastic_Shiny_Beige_LOGO.uasset" 416
"../../../../../../Users/Yukinoshita/Documents/Unreal Projects/PrototypeSurvivalCpp/Content/Mannequin/Character/Materials/MaterialLayers/T_ML_Aluminum01.uasset" 417
"../../../../../../Users/Yukinoshita/Documents/Unreal Projects/PrototypeSurvivalCpp/Content/Mannequin/Character/Materials/MaterialLayers/T_ML_Aluminum01_N.uasset" 418
"../../../../../../Users/Yukinoshita/Documents/Unreal Projects/PrototypeSurvivalCpp/Content/Mannequin/Character/Materials/MaterialLayers/ML_SoftMetal_UE4.uasset" 419
"../../../../../../Users/Yukinoshita/Documents/Unreal Projects/PrototypeSurvivalCpp/Content/Mannequin/Character/Textures/UE4_Mannequin__normals.uasset" 420
"../../../../../../Users/Yukinoshita/Documents/Unreal Projects/PrototypeSurvivalCpp/Content/Mannequin/Character/Textures/UE4_Mannequin_MAT_MASKA.uasset" 421
"../../../../../../Users/Yukinoshita/Documents/Unreal Projects/PrototypeSurvivalCpp/Content/Mannequin/Character/Materials/M_UE4Man_Body.uasset" 422
"../../../../../../Users/Yukinoshita/Documents/Unreal Projects/PrototypeSurvivalCpp/Content/Mannequin/Character/Textures/UE4Man_Logo_N.uasset" 423
"../../../../../../Users/Yukinoshita/Documents/Unreal Projects/PrototypeSurvivalCpp/Content/Mannequin/Character/Materials/M_UE4Man_ChestLogo.uasset" 424
"../../../../../../Users/Yukinoshita/Documents/Unreal Projects/PrototypeSurvivalCpp/Content/Mannequin/Character/Mesh/SK_Mannequin_PhysicsAsset.uasset" 425
"../../../../../../Users/Yukinoshita/Documents/Unreal Projects/PrototypeSurvivalCpp/Content/Mannequin/Character/Mesh/SK_Mannequin.uasset" 426
"../../../../../../Users/Yukinoshita/Documents/Unreal Projects/PrototypeSurvivalCpp/Content/ThirdPersonBP/UI/LeaderGold.uasset" 427
"../../../../../../Users/Yukinoshita/Documents/Unreal Projects/PrototypeSurvivalCpp/Content/ThirdPersonBP/Ressources/Villager/TeamLeader/LeaderGold.uasset" 428
"../../../../../../Users/Yukinoshita/Documents/Unreal Projects/PrototypeSurvivalCpp/Content/ThirdPersonBP/UI/LeaderRock.uasset" 429
"../../../../../../Users/Yukinoshita/Documents/Unreal Projects/PrototypeSurvivalCpp/Content/ThirdPersonBP/Ressources/Villager/TeamLeader/LeaderRock.uasset" 430
"../../../../../../Users/Yukinoshita/Documents/Unreal Projects/PrototypeSurvivalCpp/Content/ThirdPersonBP/UI/LeaderWood.uasset" 431
"../../../../../../Users/Yukinoshita/Documents/Unreal Projects/PrototypeSurvivalCpp/Content/ThirdPersonBP/Ressources/Villager/TeamLeader/LeaderWood.uasset" 432
"../../../Engine/Content/BasicShapes/BasicShapeMaterial.uasset" 433
"../../../Engine/Content/Functions/Engine_MaterialFunctions01/Opacity/AlphaOffset.uasset" 434
"../../../../../../Users/Yukinoshita/Documents/Unreal Projects/PrototypeSurvivalCpp/Content/StarterContent/Textures/T_MacroVariation.uasset" 435
"../../../../../../Users/Yukinoshita/Documents/Unreal Projects/PrototypeSurvivalCpp/Content/StarterContent/Textures/T_Wood_Floor_Walnut_D.uasset" 436
"../../../../../../Users/Yukinoshita/Documents/Unreal Projects/PrototypeSurvivalCpp/Content/StarterContent/Textures/T_Wood_Floor_Walnut_M.uasset" 437
"../../../../../../Users/Yukinoshita/Documents/Unreal Projects/PrototypeSurvivalCpp/Content/StarterContent/Textures/T_Wood_Floor_Walnut_N.uasset" 438
"../../../../../../Users/Yukinoshita/Documents/Unreal Projects/PrototypeSurvivalCpp/Content/StarterContent/Materials/M_Wood_Floor_Walnut_Worn.uasset" 439
"../../../Engine/Content/BasicShapes/Cube.uasset" 440
"../../../Engine/Content/BasicShapes/Cylinder.uasset" 441
"../../../Engine/Content/BasicShapes/Plane.uasset" 442
"../../../../../../Users/Yukinoshita/Documents/Unreal Projects/PrototypeSurvivalCpp/Content/Geometry/Meshes/CubeMaterial.uasset" 443
"../../../../../../Users/Yukinoshita/Documents/Unreal Projects/PrototypeSurvivalCpp/Content/Geometry/Meshes/1M_Cube.uasset" 444
"../../../../../../Users/Yukinoshita/Documents/Unreal Projects/PrototypeSurvivalCpp/Content/ThirdPersonBP/Building/Building.uasset" 445
"../../../../../../Users/Yukinoshita/Documents/Unreal Projects/PrototypeSurvivalCpp/Content/ThirdPersonBP/InventorySystem/interact_interface.uasset" 446
"../../../../../../Users/Yukinoshita/Documents/Unreal Projects/PrototypeSurvivalCpp/Content/ThirdPersonBP/InventorySystem/ItemStructure.uasset" 447
"../../../../../../Users/Yukinoshita/Documents/Unreal Projects/PrototypeSurvivalCpp/Content/ThirdPersonBP/InventorySystem/SlotStructure.uasset" 448
"../../../../../../Users/Yukinoshita/Documents/Unreal Projects/PrototypeSurvivalCpp/Content/ThirdPersonBP/InventorySystem/Item/Item.uasset" 449
"../../../../../../Users/Yukinoshita/Documents/Unreal Projects/PrototypeSurvivalCpp/Content/ThirdPersonBP/HUDAsset/BagIcon.uasset" 450
"../../../../../../Users/Yukinoshita/Documents/Unreal Projects/PrototypeSurvivalCpp/Content/ThirdPersonBP/InventorySystem/InventoryUI/Tooltip.uasset" 451
"../../../../../../Users/Yukinoshita/Documents/Unreal Projects/PrototypeSurvivalCpp/Content/ThirdPersonBP/InventorySystem/InventoryUI/InventorySLot.uasset" 452
"../../../../../../Users/Yukinoshita/Documents/Unreal Projects/PrototypeSurvivalCpp/Content/ThirdPersonBP/InventorySystem/InventoryUI/InventoryWindows.uasset" 453
"../../../../../../Users/Yukinoshita/Documents/Unreal Projects/PrototypeSurvivalCpp/Content/ThirdPersonBP/InventorySystem/InventoryComponent.uasset" 454
"../../../../../../Users/Yukinoshita/Documents/Unreal Projects/PrototypeSurvivalCpp/Content/InfinityBladeEffects/Effects/FX_Textures/Env/T_Pickup_GoldBag_D.uasset" 455
"../../../../../../Users/Yukinoshita/Documents/Unreal Projects/PrototypeSurvivalCpp/Content/InfinityBladeEffects/Effects/FX_Textures/Env/T_Pickup_GoldBag_N.uasset" 456
"../../../../../../Users/Yukinoshita/Documents/Unreal Projects/PrototypeSurvivalCpp/Content/InfinityBladeEffects/Effects/FX_Materials/M_GoldBag.uasset" 457
"../../../../../../Users/Yukinoshita/Documents/Unreal Projects/PrototypeSurvivalCpp/Content/InfinityBladeEffects/Effects/FX_Meshes/SM_Gold_Bag_Pickup.uasset" 458
"../../../../../../Users/Yukinoshita/Documents/Unreal Projects/PrototypeSurvivalCpp/Content/Key/keyB_tx.uasset" 459
"../../../../../../Users/Yukinoshita/Documents/Unreal Projects/PrototypeSurvivalCpp/Content/ThirdPersonBP/InventorySystem/Item/Item_health.uasset" 460
"../../../../../../Users/Yukinoshita/Documents/Unreal Projects/PrototypeSurvivalCpp/Content/ThirdPersonBP/Xp/XpSystem.uasset" 461
"../../../../../../Users/Yukinoshita/Documents/Unreal Projects/PrototypeSurvivalCpp/Content/ThirdPersonBP/UI/images/HeartsFill.uasset" 462
"../../../../../../Users/Yukinoshita/Documents/Unreal Projects/PrototypeSurvivalCpp/Content/ThirdPersonBP/UI/images/HeartsNoFill.uasset" 463
"../../../../../../Users/Yukinoshita/Documents/Unreal Projects/PrototypeSurvivalCpp/Content/ThirdPersonBP/UI/Health.uasset" 464
"../../../../../../Users/Yukinoshita/Documents/Unreal Projects/PrototypeSurvivalCpp/Content/ThirdPersonBP/UI/Stamina.uasset" 465
"../../../../../../Users/Yukinoshita/Documents/Unreal Projects/PrototypeSurvivalCpp/Content/ThirdPersonBP/UI/Xp.uasset" 466
"../../../../../../Users/Yukinoshita/Documents/Unreal Projects/PrototypeSurvivalCpp/Content/ThirdPersonBP/UI/HUDWidget.uasset" 467
"../../../../../../Users/Yukinoshita/Documents/Unreal Projects/PrototypeSurvivalCpp/Content/ThirdPersonBP/ThirdPersonCharacter/GreystonePlayerCharacter.uasset" 468
"../../../../../../Users/Yukinoshita/Documents/Unreal Projects/PrototypeSurvivalCpp/Content/SoulCave/Blueprints/MyGame.uasset" 469
"../../../../../../Users/Yukinoshita/Documents/Unreal Projects/PrototypeSurvivalCpp/Content/ThirdPersonBP/CycleDayNight/lightning.uasset" 470
"../../../../../../Users/Yukinoshita/Documents/Unreal Projects/PrototypeSurvivalCpp/Content/ThirdPersonBP/VoxelMap/Map/VoxelMap_BuiltData.uasset" 471
"../../../../../../Users/Yukinoshita/Documents/Unreal Projects/PrototypeSurvivalCpp/Content/InfinityBladeGrassLands/Environments/Plains/Env_Plains_Terrain/Textures/T_Dirt_D.uasset" 472
"../../../../../../Users/Yukinoshita/Documents/Unreal Projects/PrototypeSurvivalCpp/Content/InfinityBladeGrassLands/Environments/Plains/Env_Plains_Terrain/Textures/T_Dirt_N.uasset" 473
"../../../../../../Users/Yukinoshita/Documents/Unreal Projects/PrototypeSurvivalCpp/Content/InfinityBladeGrassLands/Environments/Plains/Env_Plains_Terrain/Materials/M_Dirt.uasset" 474
"../../../../../../Users/Yukinoshita/Documents/Unreal Projects/PrototypeSurvivalCpp/Content/StarterContent/Textures/T_Metal_Gold_D.uasset" 475
"../../../../../../Users/Yukinoshita/Documents/Unreal Projects/PrototypeSurvivalCpp/Content/StarterContent/Textures/T_Metal_Gold_N.uasset" 476
"../../../../../../Users/Yukinoshita/Documents/Unreal Projects/PrototypeSurvivalCpp/Content/StarterContent/Materials/M_Metal_Gold.uasset" 477
"../../../../../../Users/Yukinoshita/Documents/Unreal Projects/PrototypeSurvivalCpp/Content/KiteDemo/Environments/Rocks/Large_Volcanic_Rock_001/LargeVolcanicRock_002.uasset" 478
"../../../../../../Users/Yukinoshita/Documents/Unreal Projects/PrototypeSurvivalCpp/Content/ThirdPersonBP/VoxelMap/Actors/Gold/Gold.uasset" 479
"../../../Engine/Content/EngineMaterials/FlatNormal.uasset" 480
"../../../Engine/Content/EngineResources/Black.uasset" 481
"../../../../../../Users/Yukinoshita/Documents/Unreal Projects/PrototypeSurvivalCpp/Content/KiteDemo/Textures/T_CliffRock_03_N.uasset" 482
"../../../../../../Users/Yukinoshita/Documents/Unreal Projects/PrototypeSurvivalCpp/Content/KiteDemo/Textures/T_CliffRockTile_03_D.uasset" 483
"../../../../../../Users/Yukinoshita/Documents/Unreal Projects/PrototypeSurvivalCpp/Content/KiteDemo/Material/M_Photoscan_Master.uasset" 484
"../../../../../../Users/Yukinoshita/Documents/Unreal Projects/PrototypeSurvivalCpp/Content/KiteDemo/Environments/Rocks/Large_Volcanic_Rock_001/T_GDC_LargeVolcanicRock_001_N.uasset" 485
"../../../../../../Users/Yukinoshita/Documents/Unreal Projects/PrototypeSurvivalCpp/Content/KiteDemo/Environments/Rocks/Large_Volcanic_Rock_001/T_GDC_LargeVolcanicRock_001_D2_R.uasset" 486
"../../../../../../Users/Yukinoshita/Documents/Unreal Projects/PrototypeSurvivalCpp/Content/KiteDemo/Environments/Rocks/Large_Volcanic_Rock_001/MI_Large_VolcanicRock_002.uasset" 487
"../../../../../../Users/Yukinoshita/Documents/Unreal Projects/PrototypeSurvivalCpp/Content/KiteDemo/Environments/Rocks/Large_Volcanic_Rock_001/LargeVolcanicRock_001.uasset" 488
"../../../../../../Users/Yukinoshita/Documents/Unreal Projects/PrototypeSurvivalCpp/Content/ThirdPersonBP/VoxelMap/Actors/Rock/Rock.uasset" 489
"../../../Engine/Content/Functions/Engine_MaterialFunctions01/SpeedTree/SpeedTreeColorVariation.uasset" 490
"../../../../../../Users/Yukinoshita/Documents/Unreal Projects/PrototypeSurvivalCpp/Content/KiteDemo/Environments/Trees/HillTree_02/HillTree_01_Atlas_Billboards_Normal_Tex.uasset" 491
"../../../../../../Users/Yukinoshita/Documents/Unreal Projects/PrototypeSurvivalCpp/Content/KiteDemo/Environments/Trees/HillTree_02/HillTree_01_Atlas_Billboards_Tex.uasset" 492
"../../../../../../Users/Yukinoshita/Documents/Unreal Projects/PrototypeSurvivalCpp/Content/KiteDemo/Environments/Trees/HillTree_02/HillTree_01_Billboard_Mat.uasset" 493
"../../../../../../Users/Yukinoshita/Documents/Unreal Projects/PrototypeSurvivalCpp/Content/KiteDemo/Environments/Trees/HillTree_02/T_Craghead_Oak_LimbTile_02_D_Tex.uasset" 494
"../../../../../../Users/Yukinoshita/Documents/Unreal Projects/PrototypeSurvivalCpp/Content/KiteDemo/Environments/Trees/HillTree_02/T_Craghead_Oak_LimbTile_02_N_Tex.uasset" 495
"../../../../../../Users/Yukinoshita/Documents/Unreal Projects/PrototypeSurvivalCpp/Content/KiteDemo/Environments/Trees/HillTree_02/HillTree_01_Branches_2_Mat.uasset" 496
"../../../../../../Users/Yukinoshita/Documents/Unreal Projects/PrototypeSurvivalCpp/Content/KiteDemo/Environments/Trees/HillTree_02/T_Craghead_Oak_Tile_01_D_Tex.uasset" 497
"../../../../../../Users/Yukinoshita/Documents/Unreal Projects/PrototypeSurvivalCpp/Content/KiteDemo/Environments/Trees/HillTree_02/T_Craghead_Oak_Tile_01_N_Tex.uasset" 498
"../../../../../../Users/Yukinoshita/Documents/Unreal Projects/PrototypeSurvivalCpp/Content/KiteDemo/Environments/Trees/HillTree_02/T_Craghead_Oak_TileMoss_01_D_Tex.uasset" 499
"../../../../../../Users/Yukinoshita/Documents/Unreal Projects/PrototypeSurvivalCpp/Content/KiteDemo/Environments/Trees/HillTree_02/HillTree_01_Branches_Mat.uasset" 500
"../../../../../../Users/Yukinoshita/Documents/Unreal Projects/PrototypeSurvivalCpp/Content/KiteDemo/Environments/Trees/HillTree_02/HillTree_01_Fronds_Mat.uasset" 501
"../../../../../../Users/Yukinoshita/Documents/Unreal Projects/PrototypeSurvivalCpp/Content/KiteDemo/Environments/Trees/HillTree_02/HillTree_01_Atlas_Normal_Tex.uasset" 502
"../../../../../../Users/Yukinoshita/Documents/Unreal Projects/PrototypeSurvivalCpp/Content/KiteDemo/Environments/Trees/HillTree_02/HillTree_01_Atlas_Specular_Tex.uasset" 503
"../../../../../../Users/Yukinoshita/Documents/Unreal Projects/PrototypeSurvivalCpp/Content/KiteDemo/Environments/Trees/HillTree_02/HillTree_01_Atlas_Tex.uasset" 504
"../../../../../../Users/Yukinoshita/Documents/Unreal Projects/PrototypeSurvivalCpp/Content/KiteDemo/Environments/Trees/HillTree_02/HillTree_01_Leaves_Mat.uasset" 505
"../../../Engine/Content/Functions/Engine_MaterialFunctions02/Utility/VectorToRadialValue.uasset" 506
"../../../Engine/Content/ArtTools/RenderToTexture/MaterialFunctions/FoliageZRotation.uasset" 507
"../../../Engine/Content/Functions/Engine_MaterialFunctions02/Math/Pi.uasset" 508
"../../../Engine/Content/ArtTools/RenderToTexture/MaterialFunctions/ImposterUVs.uasset" 509
"../../../Engine/Content/Functions/Engine_MaterialFunctions02/ExampleContent/Textures/SphereRenderMask.uasset" 510
"../../../../../../Users/Yukinoshita/Documents/Unreal Projects/PrototypeSurvivalCpp/Content/KiteDemo/Environments/Trees/HillTree_02/T_HillTreeBillboard_01.uasset" 511
"../../../../../../Users/Yukinoshita/Documents/Unreal Projects/PrototypeSurvivalCpp/Content/KiteDemo/Environments/Trees/HillTree_02/T_HillTreeBillboard_01_Depth.uasset" 512
"../../../../../../Users/Yukinoshita/Documents/Unreal Projects/PrototypeSurvivalCpp/Content/KiteDemo/Environments/Trees/HillTree_02/T_HillTreeBillboard_01_N.uasset" 513
"../../../../../../Users/Yukinoshita/Documents/Unreal Projects/PrototypeSurvivalCpp/Content/KiteDemo/Environments/Trees/HillTree_02/T_HillTreeBillboard_01_S_R.uasset" 514
"../../../../../../Users/Yukinoshita/Documents/Unreal Projects/PrototypeSurvivalCpp/Content/KiteDemo/Environments/Trees/HillTree_02/T_HillTreeBillboard_01_SSS.uasset" 515
"../../../../../../Users/Yukinoshita/Documents/Unreal Projects/PrototypeSurvivalCpp/Content/KiteDemo/Environments/Trees/HillTree_02/M_CustomDepthBillboard.uasset" 516
"../../../../../../Users/Yukinoshita/Documents/Unreal Projects/PrototypeSurvivalCpp/Content/KiteDemo/Environments/Trees/HillTree_02/M_CustomDepthBillboard_Inst.uasset" 517
"../../../../../../Users/Yukinoshita/Documents/Unreal Projects/PrototypeSurvivalCpp/Content/KiteDemo/Environments/Trees/HillTree_02/HillTree_02.uasset" 518
"../../../../../../Users/Yukinoshita/Documents/Unreal Projects/PrototypeSurvivalCpp/Content/ThirdPersonBP/VoxelMap/Actors/Tree/Tree.uasset" 519
"../../../../../../Users/Yukinoshita/Documents/Unreal Projects/PrototypeSurvivalCpp/Content/ThirdPersonBP/VoxelMap/Actors/SimpleRessourceGroupe.uasset" 520
"../../../../../../Users/Yukinoshita/Documents/Unreal Projects/PrototypeSurvivalCpp/Content/ThirdPersonBP/VoxelMap/Actors/SimpleBiomeSpawner.uasset" 521
"../../../../../../Users/Yukinoshita/Documents/Unreal Projects/PrototypeSurvivalCpp/Content/ThirdPersonBP/VoxelMap/Grass/NewVoxelGrassGroup.uasset" 522
"../../../../../../Users/Yukinoshita/Documents/Unreal Projects/PrototypeSurvivalCpp/Content/ThirdPersonBP/VoxelMap/Grass/NewVoxelGrassSpawner.uasset" 523
"../../../../../../Users/Yukinoshita/Documents/Unreal Projects/PrototypeSurvivalCpp/Plugins/Voxel/Content/Preview/C_GradientNoWater.uasset" 524
"../../../../../../Users/Yukinoshita/Documents/Unreal Projects/PrototypeSurvivalCpp/Plugins/Voxel/Content/Preview/C_GradientWater.uasset" 525
"../../../../../../Users/Yukinoshita/Documents/Unreal Projects/PrototypeSurvivalCpp/Plugins/Voxel/Content/Preview/CA_Gradient.uasset" 526
"../../../Engine/Content/Functions/Engine_MaterialFunctions01/Coordinates/1Dto2DIndex.uasset" 527
"../../../Engine/Content/Functions/Engine_MaterialFunctions01/Math/BoxIntersection.uasset" 528
"../../../Engine/Content/Functions/Engine_MaterialFunctions01/Volumetrics/BeersLaw.uasset" 529
"../../../Engine/Content/Functions/Engine_MaterialFunctions02/ExampleContent/Textures/SphereRenderHeightMap.uasset" 530
"../../../Engine/Content/Functions/Engine_MaterialFunctions01/Density/RayMarchHeightMap.uasset" 531
"../../../../../../Users/Yukinoshita/Documents/Unreal Projects/PrototypeSurvivalCpp/Plugins/Voxel/Content/Preview/M_PreviewMaterial.uasset" 532
"../../../../../../Users/Yukinoshita/Documents/Unreal Projects/PrototypeSurvivalCpp/Plugins/Voxel/Content/Preview/SM_Plane.uasset" 533
"../../../../../../Users/Yukinoshita/Documents/Unreal Projects/PrototypeSurvivalCpp/Content/ThirdPersonBP/VoxelMap/Map/VoxelWorld.uasset" 534
"../../../../../../Users/Yukinoshita/Documents/Unreal Projects/PrototypeSurvivalCpp/Content/ThirdPersonBP/VoxelMap/Map/VoxelMap.umap" 535
